<?xml version="1.0" encoding="utf-8"?><testsuites><testsuite errors="0" failures="0" hostname="DESKTOP-QHBDR75" name="pytest" skipped="0" tests="4" time="3.354" timestamp="2020-05-29T20:42:59.406127"><testcase classname="test_submit" file="test_submit.py" line="3" name="test_q1" time="0.107"></testcase><testcase classname="test_submit" file="test_submit.py" line="8" name="test_q2" time="0.037"></testcase><testcase classname="test_submit" file="test_submit.py" line="13" name="test_q3" time="0.066"></testcase><testcase classname="test_submit" file="test_submit.py" line="18" name="test_q4" time="0.424"></testcase></testsuite></testsuites>